[2025-01-30 13:58:28] INFO: Login attempt for email: laisy@gmail.com
[2025-01-30 13:58:28] INFO: User laisy@gmail.com logged in successfully
[2025-01-30 14:04:30] INFO: Login attempt for email: nira@gmail.com
[2025-01-30 14:04:30] INFO: User nira@gmail.com logged in successfully
[2025-01-30 14:06:13] INFO: Login attempt for email: nira@gmail.com
[2025-01-30 14:06:13] INFO: User nira@gmail.com logged in successfully
[2025-01-30 14:13:38] INFO: Login attempt for email: nira@gmail.com
[2025-01-30 14:13:38] INFO: User nira@gmail.com logged in successfully
[2025-01-30 15:48:17] INFO: Login attempt for email: nira@gmail.com
[2025-01-30 15:48:17] INFO: User nira@gmail.com logged in successfully
[2025-01-30 16:16:47] INFO: Login attempt for email: nira@gmail.com
[2025-01-30 16:16:48] WARN: Invalid password attempt for user: nira@gmail.com
[2025-01-30 16:17:23] INFO: Login attempt for email: nira@gmail.com
[2025-01-30 16:17:23] WARN: Invalid password attempt for user: nira@gmail.com
[2025-01-30 16:17:58] INFO: Login attempt for email: nira@gmail.com
[2025-01-30 16:17:58] INFO: User nira@gmail.com logged in successfully
[2025-01-30 16:22:51] INFO: Login attempt for email: nira@gmail.com
[2025-01-30 16:22:51] INFO: User nira@gmail.com logged in successfully
[2025-01-30 16:26:39] INFO: Login attempt for email: nira@gmail.com
[2025-01-30 16:26:39] INFO: User nira@gmail.com logged in successfully
