[2025-01-31 17:05:51] INFO: Login attempt for email: nira@gmail.com
[2025-01-31 17:05:51] WARN: Invalid password attempt for user: nira@gmail.com
[2025-01-31 17:06:49] INFO: Login attempt for email: juby@gmail.com
[2025-01-31 17:06:49] INFO: User juby@gmail.com logged in successfully
[2025-01-31 21:46:29] INFO: Login attempt for email: { "$or": [{ "email": "victim@example.com" }, { "email": { "$ne": null } }] }
[2025-01-31 21:46:29] WARN: Login failed for non-existent user: { "$or": [{ "email": "victim@example.com" }, { "email": { "$ne": null } }] }
[2025-01-31 21:46:30] INFO: Login attempt for email: { "$or": [{ "email": "victim@example.com" }, { "email": { "$ne": null } }] }
[2025-01-31 21:46:30] WARN: Login failed for non-existent user: { "$or": [{ "email": "victim@example.com" }, { "email": { "$ne": null } }] }
[2025-01-31 21:49:38] INFO: Login attempt for email: juby@gmail.com
[2025-01-31 21:49:38] INFO: User juby@gmail.com logged in successfully
[2025-01-31 21:57:53] INFO: Login attempt for email: { "$or": [{ "email": "victim@example.com" }, { "email": { "$ne": null } }] }
[2025-01-31 21:57:53] WARN: Login failed for non-existent user: { "$or": [{ "email": "victim@example.com" }, { "email": { "$ne": null } }] }
[2025-01-31 21:58:16] INFO: Login attempt for email: nihirastha@gmail.com
[2025-01-31 21:58:16] INFO: User nihirastha@gmail.com logged in successfully
[2025-01-31 22:14:52] INFO: Login attempt for email: juby@gmail.com
[2025-01-31 22:14:52] INFO: User juby@gmail.com logged in successfully
[2025-01-31 22:48:19] INFO: Login attempt for email: juby@gmail.com
[2025-01-31 22:48:19] INFO: User juby@gmail.com logged in successfully
[2025-01-31 23:02:01] INFO: Login attempt for email: juby@gmail.com
[2025-01-31 23:02:01] INFO: User juby@gmail.com logged in successfully
[2025-01-31 23:48:47] INFO: Login attempt for email: juby@gmail.com
[2025-01-31 23:48:47] WARN: Invalid password attempt for user: juby@gmail.com
[2025-01-31 23:49:06] INFO: Login attempt for email: juby@gmail.com
[2025-01-31 23:49:06] WARN: Invalid password attempt for user: juby@gmail.com
[2025-01-31 23:49:07] INFO: Login attempt for email: juby@gmail.com
[2025-01-31 23:49:07] WARN: Invalid password attempt for user: juby@gmail.com
[2025-01-31 23:49:08] INFO: Login attempt for email: juby@gmail.com
[2025-01-31 23:49:08] WARN: Invalid password attempt for user: juby@gmail.com
[2025-01-31 23:49:09] INFO: Login attempt for email: juby@gmail.com
[2025-01-31 23:49:09] WARN: Invalid password attempt for user: juby@gmail.com
[2025-01-31 23:55:47] INFO: Login attempt for email: juby@gmail.com
[2025-01-31 23:55:47] INFO: User juby@gmail.com logged in successfully
